<?xml version="1.0" encoding="UTF-8"?>
<!-- Generated by org.testng.reporters.JUnitReportReporter -->
<testsuite skipped="0" hostname="VBTSCPTESTING03" name="com.sfm.test.uiActions.LoginTest" tests="1" failures="0" timestamp="21 Sep 2018 07:07:35 GMT" time="12.538" errors="0">
  <testcase name="test" time="12.538" classname="com.sfm.test.uiActions.LoginTest"/>
</testsuite> <!-- com.sfm.test.uiActions.LoginTest -->
