<?xml version="1.0" encoding="UTF-8"?>
<!-- Generated by org.testng.reporters.JUnitReportReporter -->
<testsuite skipped="0" hostname="VBTSCPTESTING03" name="com.sfm.test.uiActions.LoginTest" tests="1" failures="0" timestamp="17 Sep 2018 06:18:52 GMT" time="10.530" errors="0">
  <testcase name="test" time="10.530" classname="com.sfm.test.uiActions.LoginTest"/>
</testsuite> <!-- com.sfm.test.uiActions.LoginTest -->
